time="2023-06-26T18:53:18+03:00" level=info msg="Start ConfigApp" func="Kanopy/pkg/Config.GetConfigApp.func1()" file="Config.go; 32"
time="2023-06-26T18:53:18+03:00" level=info msg="Start main application" func="main.main()" file="TimeTracker.go; 15"
time="2023-06-26T18:53:18+03:00" level=info msg="End without problem8080" func="main.main()" file="TimeTracker.go; 18"
time="2023-06-26T23:49:00+03:00" level=info msg="Start ConfigApp" func="Kanopy/pkg/Config.GetConfigApp.func1()" file="Config.go; 37"
time="2023-06-26T23:49:00+03:00" level=info msg="Start main application" func="main.main()" file="Kanopy.go; 15"
time="2023-06-26T23:49:00+03:00" level=info msg="End without problem8080" func="main.main()" file="Kanopy.go; 18"
time="2023-06-26T23:50:13+03:00" level=info msg="Start ConfigApp" func="Kanopy/pkg/Config.GetConfigApp.func1()" file="Config.go; 37"
time="2023-06-26T23:50:13+03:00" level=info msg="Start main application" func="main.main()" file="Kanopy.go; 15"
time="2023-06-26T23:50:13+03:00" level=info msg="End without problem8080" func="main.main()" file="Kanopy.go; 18"
time="2023-06-26T23:51:43+03:00" level=info msg="Start ConfigApp" func="Kanopy/pkg/Config.GetConfigApp.func1()" file="Config.go; 35"
time="2023-06-26T23:51:43+03:00" level=info msg="Start main application" func="main.main()" file="Kanopy.go; 15"
time="2023-06-26T23:51:43+03:00" level=info msg="End without problem8080" func="main.main()" file="Kanopy.go; 18"
time="2023-06-26T23:57:09+03:00" level=info msg="Start ConfigApp" func="Kanopy/pkg/Config.GetConfigApp.func1()" file="Config.go; 35"
time="2023-06-26T23:57:09+03:00" level=info msg="Start main application" func="main.main()" file="Kanopy.go; 15"
time="2023-06-26T23:57:17+03:00" level=info msg="End without problem8080" func="main.main()" file="Kanopy.go; 18"
time="2023-06-26T23:58:38+03:00" level=info msg="Start ConfigApp" func="Kanopy/pkg/Config.GetConfigApp.func1()" file="Config.go; 35"
time="2023-06-26T23:58:38+03:00" level=info msg="Start main application" func="main.main()" file="Kanopy.go; 15"
time="2023-06-26T23:58:41+03:00" level=info msg="End without problem8080" func="main.main()" file="Kanopy.go; 18"
time="2023-06-26T23:59:46+03:00" level=info msg="Start ConfigApp" func="Kanopy/pkg/Config.GetConfigApp.func1()" file="Config.go; 35"
time="2023-06-26T23:59:46+03:00" level=info msg="Start main application" func="main.main()" file="Kanopy.go; 15"
time="2023-06-26T23:59:57+03:00" level=info msg="End without problem8080" func="main.main()" file="Kanopy.go; 18"
time="2023-06-27T00:00:39+03:00" level=info msg="Start ConfigApp" func="Kanopy/pkg/Config.GetConfigApp.func1()" file="Config.go; 35"
time="2023-06-27T00:00:39+03:00" level=info msg="Start main application" func="main.main()" file="Kanopy.go; 15"
time="2023-06-27T00:00:42+03:00" level=info msg="End without problem8080" func="main.main()" file="Kanopy.go; 18"
time="2023-06-27T00:01:35+03:00" level=info msg="Start ConfigApp" func="Kanopy/pkg/Config.GetConfigApp.func1()" file="Config.go; 35"
time="2023-06-27T00:01:35+03:00" level=info msg="Start main application" func="main.main()" file="Kanopy.go; 15"
time="2023-06-27T00:01:40+03:00" level=info msg="End without problem8080" func="main.main()" file="Kanopy.go; 18"
time="2023-06-27T00:01:54+03:00" level=info msg="Start ConfigApp" func="Kanopy/pkg/Config.GetConfigApp.func1()" file="Config.go; 35"
time="2023-06-27T00:01:54+03:00" level=info msg="Start main application" func="main.main()" file="Kanopy.go; 15"
time="2023-06-27T00:01:56+03:00" level=info msg="End without problem8080" func="main.main()" file="Kanopy.go; 18"
time="2023-06-27T00:03:47+03:00" level=info msg="Start ConfigApp" func="Kanopy/pkg/Config.GetConfigApp.func1()" file="Config.go; 35"
time="2023-06-27T00:03:47+03:00" level=info msg="Start main application" func="main.main()" file="Kanopy.go; 15"
time="2023-06-27T00:03:49+03:00" level=info msg="End without problem8080" func="main.main()" file="Kanopy.go; 18"
time="2023-06-27T00:04:27+03:00" level=info msg="Start ConfigApp" func="Kanopy/pkg/Config.GetConfigApp.func1()" file="Config.go; 35"
time="2023-06-27T00:04:27+03:00" level=info msg="Start main application" func="main.main()" file="Kanopy.go; 15"
time="2023-06-27T00:04:31+03:00" level=info msg="End without problem8080" func="main.main()" file="Kanopy.go; 18"
time="2023-06-27T00:05:09+03:00" level=info msg="Start ConfigApp" func="Kanopy/pkg/Config.GetConfigApp.func1()" file="Config.go; 35"
time="2023-06-27T00:05:09+03:00" level=info msg="Start main application" func="main.main()" file="Kanopy.go; 15"
time="2023-06-27T00:05:12+03:00" level=info msg="End without problem8080" func="main.main()" file="Kanopy.go; 18"
time="2023-06-27T00:05:34+03:00" level=info msg="Start ConfigApp" func="Kanopy/pkg/Config.GetConfigApp.func1()" file="Config.go; 35"
time="2023-06-27T00:05:34+03:00" level=info msg="Start main application" func="main.main()" file="Kanopy.go; 15"
time="2023-06-27T00:05:36+03:00" level=info msg="End without problem8080" func="main.main()" file="Kanopy.go; 18"
time="2023-06-27T00:05:53+03:00" level=info msg="Start ConfigApp" func="Kanopy/pkg/Config.GetConfigApp.func1()" file="Config.go; 35"
time="2023-06-27T00:05:53+03:00" level=info msg="Start main application" func="main.main()" file="Kanopy.go; 15"
time="2023-06-27T00:05:58+03:00" level=info msg="End without problem8080" func="main.main()" file="Kanopy.go; 18"
time="2023-06-27T00:07:57+03:00" level=info msg="Start ConfigApp" func="Kanopy/pkg/Config.GetConfigApp.func1()" file="Config.go; 35"
time="2023-06-27T00:07:57+03:00" level=info msg="Start main application" func="main.main()" file="Kanopy.go; 15"
time="2023-06-27T00:08:00+03:00" level=info msg="End without problem8080" func="main.main()" file="Kanopy.go; 18"
time="2023-06-27T21:41:08+03:00" level=info msg="Start ConfigApp" func="Kanopy/pkg/Config.GetConfigApp.func1()" file="Config.go; 35"
time="2023-06-27T21:41:08+03:00" level=info msg="Start main application" func="main.main()" file="Kanopy.go; 15"
time="2023-06-27T21:41:13+03:00" level=info msg="End without problem8080" func="main.main()" file="Kanopy.go; 18"
time="2023-06-27T21:42:10+03:00" level=info msg="Start ConfigApp" func="Kanopy/pkg/Config.GetConfigApp.func1()" file="Config.go; 35"
time="2023-06-27T21:42:10+03:00" level=info msg="Start main application" func="main.main()" file="Kanopy.go; 15"
time="2023-06-27T21:42:12+03:00" level=info msg="End without problem8080" func="main.main()" file="Kanopy.go; 18"
time="2023-06-27T21:49:38+03:00" level=info msg="Start ConfigApp" func="Kanopy/pkg/Config.GetConfigApp.func1()" file="Config.go; 35"
time="2023-06-27T21:49:38+03:00" level=info msg="Start main application" func="main.main()" file="Kanopy.go; 15"
time="2023-06-27T21:49:42+03:00" level=info msg="End without problem8080" func="main.main()" file="Kanopy.go; 18"
time="2023-06-27T22:44:50+03:00" level=info msg="Start ConfigApp" func="Kanopy/pkg/Config.GetConfigApp.func1()" file="Config.go; 35"
time="2023-06-27T22:44:50+03:00" level=info msg="Start main application" func="main.main()" file="Kanopy.go; 15"
time="2023-06-27T22:46:17+03:00" level=info msg="End without problem8080" func="main.main()" file="Kanopy.go; 18"
time="2023-06-27T22:47:14+03:00" level=info msg="Start ConfigApp" func="Kanopy/pkg/Config.GetConfigApp.func1()" file="Config.go; 35"
time="2023-06-27T22:47:14+03:00" level=info msg="Start main application" func="main.main()" file="Kanopy.go; 15"
time="2023-06-27T22:47:21+03:00" level=info msg="End without problem8080" func="main.main()" file="Kanopy.go; 18"
time="2023-06-27T23:36:22+03:00" level=info msg="Start ConfigApp" func="Kanopy/pkg/Config.GetConfigApp.func1()" file="Config.go; 35"
time="2023-06-27T23:36:22+03:00" level=info msg="Start main application" func="main.main()" file="Kanopy.go; 15"
time="2023-06-27T23:36:26+03:00" level=info msg="End without problem8080" func="main.main()" file="Kanopy.go; 18"
time="2023-06-27T23:37:00+03:00" level=info msg="Start ConfigApp" func="Kanopy/pkg/Config.GetConfigApp.func1()" file="Config.go; 35"
time="2023-06-27T23:37:00+03:00" level=info msg="Start main application" func="main.main()" file="Kanopy.go; 15"
time="2023-06-27T23:37:24+03:00" level=info msg="End without problem8080" func="main.main()" file="Kanopy.go; 18"
time="2023-06-27T23:39:14+03:00" level=info msg="Start ConfigApp" func="Kanopy/pkg/Config.GetConfigApp.func1()" file="Config.go; 35"
time="2023-06-27T23:39:14+03:00" level=info msg="Start main application" func="main.main()" file="Kanopy.go; 15"
time="2023-06-27T23:39:18+03:00" level=info msg="End without problem8080" func="main.main()" file="Kanopy.go; 18"
time="2023-06-27T23:40:18+03:00" level=info msg="Start ConfigApp" func="Kanopy/pkg/Config.GetConfigApp.func1()" file="Config.go; 35"
time="2023-06-27T23:40:18+03:00" level=info msg="Start main application" func="main.main()" file="Kanopy.go; 15"
time="2023-06-27T23:40:37+03:00" level=info msg="End without problem8080" func="main.main()" file="Kanopy.go; 18"
time="2023-06-27T23:40:50+03:00" level=info msg="Start ConfigApp" func="Kanopy/pkg/Config.GetConfigApp.func1()" file="Config.go; 35"
time="2023-06-27T23:40:50+03:00" level=info msg="Start main application" func="main.main()" file="Kanopy.go; 15"
time="2023-06-27T23:40:53+03:00" level=info msg="End without problem8080" func="main.main()" file="Kanopy.go; 18"
time="2023-06-27T23:41:05+03:00" level=info msg="Start ConfigApp" func="Kanopy/pkg/Config.GetConfigApp.func1()" file="Config.go; 35"
time="2023-06-27T23:41:05+03:00" level=info msg="Start main application" func="main.main()" file="Kanopy.go; 15"
time="2023-06-27T23:41:10+03:00" level=info msg="End without problem8080" func="main.main()" file="Kanopy.go; 18"
time="2023-06-27T23:41:28+03:00" level=info msg="Start ConfigApp" func="Kanopy/pkg/Config.GetConfigApp.func1()" file="Config.go; 35"
time="2023-06-27T23:41:28+03:00" level=info msg="Start main application" func="main.main()" file="Kanopy.go; 15"
time="2023-06-27T23:41:31+03:00" level=info msg="End without problem8080" func="main.main()" file="Kanopy.go; 18"
time="2023-06-27T23:42:18+03:00" level=info msg="Start ConfigApp" func="Kanopy/pkg/Config.GetConfigApp.func1()" file="Config.go; 35"
time="2023-06-27T23:42:18+03:00" level=info msg="Start main application" func="main.main()" file="Kanopy.go; 15"
time="2023-06-27T23:42:26+03:00" level=info msg="End without problem8080" func="main.main()" file="Kanopy.go; 18"
time="2023-06-27T23:43:03+03:00" level=info msg="Start ConfigApp" func="Kanopy/pkg/Config.GetConfigApp.func1()" file="Config.go; 35"
time="2023-06-27T23:43:03+03:00" level=info msg="Start main application" func="main.main()" file="Kanopy.go; 15"
time="2023-06-27T23:43:10+03:00" level=info msg="End without problem8080" func="main.main()" file="Kanopy.go; 18"
time="2023-06-27T23:43:24+03:00" level=info msg="Start ConfigApp" func="Kanopy/pkg/Config.GetConfigApp.func1()" file="Config.go; 35"
time="2023-06-27T23:43:24+03:00" level=info msg="Start main application" func="main.main()" file="Kanopy.go; 15"
time="2023-06-27T23:43:29+03:00" level=info msg="End without problem8080" func="main.main()" file="Kanopy.go; 18"
time="2023-06-27T23:44:12+03:00" level=info msg="Start ConfigApp" func="Kanopy/pkg/Config.GetConfigApp.func1()" file="Config.go; 35"
time="2023-06-27T23:44:12+03:00" level=info msg="Start main application" func="main.main()" file="Kanopy.go; 15"
time="2023-06-27T23:44:14+03:00" level=info msg="End without problem8080" func="main.main()" file="Kanopy.go; 18"
time="2023-06-27T23:44:45+03:00" level=info msg="Start ConfigApp" func="Kanopy/pkg/Config.GetConfigApp.func1()" file="Config.go; 35"
time="2023-06-27T23:44:45+03:00" level=info msg="Start main application" func="main.main()" file="Kanopy.go; 15"
time="2023-06-27T23:44:48+03:00" level=info msg="End without problem8080" func="main.main()" file="Kanopy.go; 18"
time="2023-06-27T23:45:00+03:00" level=info msg="Start ConfigApp" func="Kanopy/pkg/Config.GetConfigApp.func1()" file="Config.go; 35"
time="2023-06-27T23:45:00+03:00" level=info msg="Start main application" func="main.main()" file="Kanopy.go; 15"
time="2023-06-27T23:45:03+03:00" level=info msg="End without problem8080" func="main.main()" file="Kanopy.go; 18"
time="2023-06-27T23:45:30+03:00" level=info msg="Start ConfigApp" func="Kanopy/pkg/Config.GetConfigApp.func1()" file="Config.go; 35"
time="2023-06-27T23:45:30+03:00" level=info msg="Start main application" func="main.main()" file="Kanopy.go; 15"
time="2023-06-27T23:45:37+03:00" level=info msg="End without problem8080" func="main.main()" file="Kanopy.go; 18"
time="2023-06-28T00:00:11+03:00" level=info msg="Start ConfigApp" func="Kanopy/pkg/Config.GetConfigApp.func1()" file="Config.go; 35"
time="2023-06-28T00:00:11+03:00" level=info msg="Start main application" func="main.main()" file="Kanopy.go; 15"
time="2023-06-28T00:00:19+03:00" level=info msg="End without problem8080" func="main.main()" file="Kanopy.go; 18"
time="2023-06-28T00:00:47+03:00" level=info msg="Start ConfigApp" func="Kanopy/pkg/Config.GetConfigApp.func1()" file="Config.go; 35"
time="2023-06-28T00:00:47+03:00" level=info msg="Start main application" func="main.main()" file="Kanopy.go; 15"
time="2023-06-28T00:00:50+03:00" level=info msg="End without problem8080" func="main.main()" file="Kanopy.go; 18"
time="2023-06-28T00:02:47+03:00" level=info msg="Start ConfigApp" func="Kanopy/pkg/Config.GetConfigApp.func1()" file="Config.go; 35"
time="2023-06-28T00:02:47+03:00" level=info msg="Start main application" func="main.main()" file="Kanopy.go; 15"
time="2023-06-28T00:02:50+03:00" level=info msg="End without problem8080" func="main.main()" file="Kanopy.go; 18"
time="2023-06-28T00:03:12+03:00" level=info msg="Start ConfigApp" func="Kanopy/pkg/Config.GetConfigApp.func1()" file="Config.go; 35"
time="2023-06-28T00:03:12+03:00" level=info msg="Start main application" func="main.main()" file="Kanopy.go; 15"
time="2023-06-28T00:03:15+03:00" level=info msg="End without problem8080" func="main.main()" file="Kanopy.go; 18"
time="2023-06-28T00:03:26+03:00" level=info msg="Start ConfigApp" func="Kanopy/pkg/Config.GetConfigApp.func1()" file="Config.go; 35"
time="2023-06-28T00:03:26+03:00" level=info msg="Start main application" func="main.main()" file="Kanopy.go; 15"
time="2023-06-28T00:03:32+03:00" level=info msg="End without problem8080" func="main.main()" file="Kanopy.go; 18"
time="2023-06-28T00:04:48+03:00" level=info msg="Start ConfigApp" func="Kanopy/pkg/Config.GetConfigApp.func1()" file="Config.go; 35"
time="2023-06-28T00:04:48+03:00" level=info msg="Start main application" func="main.main()" file="Kanopy.go; 15"
time="2023-06-28T00:04:52+03:00" level=info msg="End without problem8080" func="main.main()" file="Kanopy.go; 18"
time="2023-06-28T00:05:26+03:00" level=info msg="Start ConfigApp" func="Kanopy/pkg/Config.GetConfigApp.func1()" file="Config.go; 35"
time="2023-06-28T00:05:26+03:00" level=info msg="Start main application" func="main.main()" file="Kanopy.go; 15"
time="2023-06-28T00:05:30+03:00" level=info msg="End without problem8080" func="main.main()" file="Kanopy.go; 18"
time="2023-06-28T00:06:10+03:00" level=info msg="Start ConfigApp" func="Kanopy/pkg/Config.GetConfigApp.func1()" file="Config.go; 35"
time="2023-06-28T00:06:10+03:00" level=info msg="Start main application" func="main.main()" file="Kanopy.go; 15"
time="2023-06-28T00:06:12+03:00" level=info msg="End without problem8080" func="main.main()" file="Kanopy.go; 18"
time="2023-06-28T00:06:33+03:00" level=info msg="Start ConfigApp" func="Kanopy/pkg/Config.GetConfigApp.func1()" file="Config.go; 35"
time="2023-06-28T00:06:33+03:00" level=info msg="Start main application" func="main.main()" file="Kanopy.go; 15"
time="2023-06-28T00:06:34+03:00" level=info msg="End without problem8080" func="main.main()" file="Kanopy.go; 18"
time="2023-06-28T00:06:58+03:00" level=info msg="Start ConfigApp" func="Kanopy/pkg/Config.GetConfigApp.func1()" file="Config.go; 35"
time="2023-06-28T00:06:58+03:00" level=info msg="Start main application" func="main.main()" file="Kanopy.go; 15"
time="2023-06-28T00:07:01+03:00" level=info msg="End without problem8080" func="main.main()" file="Kanopy.go; 18"
time="2023-06-28T00:07:21+03:00" level=info msg="Start ConfigApp" func="Kanopy/pkg/Config.GetConfigApp.func1()" file="Config.go; 35"
time="2023-06-28T00:07:21+03:00" level=info msg="Start main application" func="main.main()" file="Kanopy.go; 15"
time="2023-06-28T00:07:24+03:00" level=info msg="End without problem8080" func="main.main()" file="Kanopy.go; 18"
time="2023-06-28T00:07:52+03:00" level=info msg="Start ConfigApp" func="Kanopy/pkg/Config.GetConfigApp.func1()" file="Config.go; 35"
time="2023-06-28T00:07:52+03:00" level=info msg="Start main application" func="main.main()" file="Kanopy.go; 15"
time="2023-06-28T00:07:53+03:00" level=info msg="End without problem8080" func="main.main()" file="Kanopy.go; 18"
time="2023-06-28T00:08:06+03:00" level=info msg="Start ConfigApp" func="Kanopy/pkg/Config.GetConfigApp.func1()" file="Config.go; 35"
time="2023-06-28T00:08:06+03:00" level=info msg="Start main application" func="main.main()" file="Kanopy.go; 15"
time="2023-06-28T00:08:10+03:00" level=info msg="End without problem8080" func="main.main()" file="Kanopy.go; 18"
time="2023-06-28T00:08:25+03:00" level=info msg="Start ConfigApp" func="Kanopy/pkg/Config.GetConfigApp.func1()" file="Config.go; 35"
time="2023-06-28T00:08:25+03:00" level=info msg="Start main application" func="main.main()" file="Kanopy.go; 15"
time="2023-06-28T00:08:28+03:00" level=info msg="End without problem8080" func="main.main()" file="Kanopy.go; 18"
time="2023-06-28T00:09:02+03:00" level=info msg="Start ConfigApp" func="Kanopy/pkg/Config.GetConfigApp.func1()" file="Config.go; 35"
time="2023-06-28T00:09:02+03:00" level=info msg="Start main application" func="main.main()" file="Kanopy.go; 15"
time="2023-06-28T00:09:04+03:00" level=info msg="End without problem8080" func="main.main()" file="Kanopy.go; 18"
time="2023-06-28T00:09:22+03:00" level=info msg="Start ConfigApp" func="Kanopy/pkg/Config.GetConfigApp.func1()" file="Config.go; 35"
time="2023-06-28T00:09:22+03:00" level=info msg="Start main application" func="main.main()" file="Kanopy.go; 15"
time="2023-06-28T00:09:23+03:00" level=info msg="End without problem8080" func="main.main()" file="Kanopy.go; 18"
time="2023-06-28T00:12:20+03:00" level=info msg="Start ConfigApp" func="Kanopy/pkg/Config.GetConfigApp.func1()" file="Config.go; 35"
time="2023-06-28T00:12:20+03:00" level=info msg="Start main application" func="main.main()" file="Kanopy.go; 15"
time="2023-06-28T00:12:22+03:00" level=info msg="End without problem8080" func="main.main()" file="Kanopy.go; 18"
time="2023-06-28T00:13:35+03:00" level=info msg="Start ConfigApp" func="Kanopy/pkg/Config.GetConfigApp.func1()" file="Config.go; 35"
time="2023-06-28T00:13:35+03:00" level=info msg="Start main application" func="main.main()" file="Kanopy.go; 15"
time="2023-06-28T00:13:47+03:00" level=info msg="End without problem8080" func="main.main()" file="Kanopy.go; 18"
time="2023-06-28T00:14:12+03:00" level=info msg="Start ConfigApp" func="Kanopy/pkg/Config.GetConfigApp.func1()" file="Config.go; 35"
time="2023-06-28T00:14:12+03:00" level=info msg="Start main application" func="main.main()" file="Kanopy.go; 15"
time="2023-06-28T00:14:16+03:00" level=info msg="End without problem8080" func="main.main()" file="Kanopy.go; 18"
time="2023-06-28T00:15:40+03:00" level=info msg="Start ConfigApp" func="Kanopy/pkg/Config.GetConfigApp.func1()" file="Config.go; 35"
time="2023-06-28T00:15:40+03:00" level=info msg="Start main application" func="main.main()" file="Kanopy.go; 15"
time="2023-06-28T00:15:43+03:00" level=info msg="End without problem8080" func="main.main()" file="Kanopy.go; 18"
time="2023-06-28T00:16:54+03:00" level=info msg="Start ConfigApp" func="Kanopy/pkg/Config.GetConfigApp.func1()" file="Config.go; 35"
time="2023-06-28T00:16:54+03:00" level=info msg="Start main application" func="main.main()" file="Kanopy.go; 15"
time="2023-06-28T00:17:00+03:00" level=info msg="End without problem8080" func="main.main()" file="Kanopy.go; 18"
time="2023-06-28T00:17:16+03:00" level=info msg="Start ConfigApp" func="Kanopy/pkg/Config.GetConfigApp.func1()" file="Config.go; 35"
time="2023-06-28T00:17:16+03:00" level=info msg="Start main application" func="main.main()" file="Kanopy.go; 15"
time="2023-06-28T00:17:24+03:00" level=info msg="End without problem8080" func="main.main()" file="Kanopy.go; 18"
time="2023-06-28T00:17:51+03:00" level=info msg="Start ConfigApp" func="Kanopy/pkg/Config.GetConfigApp.func1()" file="Config.go; 35"
time="2023-06-28T00:17:51+03:00" level=info msg="Start main application" func="main.main()" file="Kanopy.go; 15"
time="2023-06-28T00:17:58+03:00" level=info msg="End without problem8080" func="main.main()" file="Kanopy.go; 18"
time="2023-06-28T00:18:12+03:00" level=info msg="Start ConfigApp" func="Kanopy/pkg/Config.GetConfigApp.func1()" file="Config.go; 35"
time="2023-06-28T00:18:12+03:00" level=info msg="Start main application" func="main.main()" file="Kanopy.go; 15"
time="2023-06-28T00:18:16+03:00" level=info msg="End without problem8080" func="main.main()" file="Kanopy.go; 18"
time="2023-06-28T00:18:34+03:00" level=info msg="Start ConfigApp" func="Kanopy/pkg/Config.GetConfigApp.func1()" file="Config.go; 35"
time="2023-06-28T00:18:34+03:00" level=info msg="Start main application" func="main.main()" file="Kanopy.go; 15"
time="2023-06-28T00:18:38+03:00" level=info msg="End without problem8080" func="main.main()" file="Kanopy.go; 18"
time="2023-06-28T00:19:07+03:00" level=info msg="Start ConfigApp" func="Kanopy/pkg/Config.GetConfigApp.func1()" file="Config.go; 35"
time="2023-06-28T00:19:07+03:00" level=info msg="Start main application" func="main.main()" file="Kanopy.go; 15"
time="2023-06-28T00:19:12+03:00" level=info msg="End without problem8080" func="main.main()" file="Kanopy.go; 18"
time="2023-06-28T00:19:33+03:00" level=info msg="Start ConfigApp" func="Kanopy/pkg/Config.GetConfigApp.func1()" file="Config.go; 35"
time="2023-06-28T00:19:33+03:00" level=info msg="Start main application" func="main.main()" file="Kanopy.go; 15"
time="2023-06-28T00:19:40+03:00" level=info msg="End without problem8080" func="main.main()" file="Kanopy.go; 18"
time="2023-06-28T00:24:31+03:00" level=info msg="Start ConfigApp" func="Kanopy/pkg/Config.GetConfigApp.func1()" file="Config.go; 35"
time="2023-06-28T00:24:31+03:00" level=info msg="Start main application" func="main.main()" file="Kanopy.go; 15"
time="2023-06-28T00:24:35+03:00" level=info msg="End without problem8080" func="main.main()" file="Kanopy.go; 18"
time="2023-06-28T00:24:46+03:00" level=info msg="Start ConfigApp" func="Kanopy/pkg/Config.GetConfigApp.func1()" file="Config.go; 35"
time="2023-06-28T00:24:46+03:00" level=info msg="Start main application" func="main.main()" file="Kanopy.go; 15"
time="2023-06-28T00:24:52+03:00" level=info msg="End without problem8080" func="main.main()" file="Kanopy.go; 18"
time="2023-06-28T00:25:32+03:00" level=info msg="Start ConfigApp" func="Kanopy/pkg/Config.GetConfigApp.func1()" file="Config.go; 35"
time="2023-06-28T00:25:32+03:00" level=info msg="Start main application" func="main.main()" file="Kanopy.go; 15"
time="2023-06-28T00:25:34+03:00" level=info msg="End without problem8080" func="main.main()" file="Kanopy.go; 18"
time="2023-06-28T00:26:27+03:00" level=info msg="Start ConfigApp" func="Kanopy/pkg/Config.GetConfigApp.func1()" file="Config.go; 35"
time="2023-06-28T00:26:27+03:00" level=info msg="Start main application" func="main.main()" file="Kanopy.go; 15"
time="2023-06-28T00:26:29+03:00" level=info msg="End without problem8080" func="main.main()" file="Kanopy.go; 18"
time="2023-06-28T00:31:52+03:00" level=info msg="Start ConfigApp" func="Kanopy/pkg/Config.GetConfigApp.func1()" file="Config.go; 35"
time="2023-06-28T00:31:52+03:00" level=info msg="Start main application" func="main.main()" file="Kanopy.go; 15"
time="2023-06-28T00:31:55+03:00" level=info msg="End without problem8080" func="main.main()" file="Kanopy.go; 18"
time="2023-06-28T00:32:06+03:00" level=info msg="Start ConfigApp" func="Kanopy/pkg/Config.GetConfigApp.func1()" file="Config.go; 35"
time="2023-06-28T00:32:06+03:00" level=info msg="Start main application" func="main.main()" file="Kanopy.go; 15"
time="2023-06-28T00:32:07+03:00" level=info msg="End without problem8080" func="main.main()" file="Kanopy.go; 18"
time="2023-06-28T00:32:52+03:00" level=info msg="Start ConfigApp" func="Kanopy/pkg/Config.GetConfigApp.func1()" file="Config.go; 35"
time="2023-06-28T00:32:52+03:00" level=info msg="Start main application" func="main.main()" file="Kanopy.go; 15"
time="2023-06-28T00:32:55+03:00" level=info msg="End without problem8080" func="main.main()" file="Kanopy.go; 18"
time="2023-06-28T00:38:38+03:00" level=info msg="Start ConfigApp" func="Kanopy/pkg/Config.GetConfigApp.func1()" file="Config.go; 35"
time="2023-06-28T00:38:38+03:00" level=info msg="Start main application" func="main.main()" file="Kanopy.go; 15"
time="2023-06-28T00:38:41+03:00" level=info msg="End without problem8080" func="main.main()" file="Kanopy.go; 18"
time="2023-06-28T00:39:07+03:00" level=info msg="Start ConfigApp" func="Kanopy/pkg/Config.GetConfigApp.func1()" file="Config.go; 35"
time="2023-06-28T00:39:07+03:00" level=info msg="Start main application" func="main.main()" file="Kanopy.go; 15"
time="2023-06-28T00:39:09+03:00" level=info msg="End without problem8080" func="main.main()" file="Kanopy.go; 18"
time="2023-06-28T00:39:36+03:00" level=info msg="Start ConfigApp" func="Kanopy/pkg/Config.GetConfigApp.func1()" file="Config.go; 35"
time="2023-06-28T00:39:36+03:00" level=info msg="Start main application" func="main.main()" file="Kanopy.go; 15"
time="2023-06-28T00:39:38+03:00" level=info msg="End without problem8080" func="main.main()" file="Kanopy.go; 18"
time="2023-06-28T00:39:58+03:00" level=info msg="Start ConfigApp" func="Kanopy/pkg/Config.GetConfigApp.func1()" file="Config.go; 35"
time="2023-06-28T00:39:58+03:00" level=info msg="Start main application" func="main.main()" file="Kanopy.go; 15"
time="2023-06-28T00:40:06+03:00" level=info msg="End without problem8080" func="main.main()" file="Kanopy.go; 18"
time="2023-06-28T00:40:36+03:00" level=info msg="Start ConfigApp" func="Kanopy/pkg/Config.GetConfigApp.func1()" file="Config.go; 35"
time="2023-06-28T00:40:36+03:00" level=info msg="Start main application" func="main.main()" file="Kanopy.go; 15"
time="2023-06-28T00:40:41+03:00" level=info msg="End without problem8080" func="main.main()" file="Kanopy.go; 18"
time="2023-06-28T00:41:10+03:00" level=info msg="Start ConfigApp" func="Kanopy/pkg/Config.GetConfigApp.func1()" file="Config.go; 35"
time="2023-06-28T00:41:10+03:00" level=info msg="Start main application" func="main.main()" file="Kanopy.go; 15"
time="2023-06-28T00:41:15+03:00" level=info msg="End without problem8080" func="main.main()" file="Kanopy.go; 18"
time="2023-06-28T00:41:49+03:00" level=info msg="Start ConfigApp" func="Kanopy/pkg/Config.GetConfigApp.func1()" file="Config.go; 35"
time="2023-06-28T00:41:49+03:00" level=info msg="Start main application" func="main.main()" file="Kanopy.go; 15"
time="2023-06-28T00:41:51+03:00" level=info msg="End without problem8080" func="main.main()" file="Kanopy.go; 18"
time="2023-06-28T00:42:02+03:00" level=info msg="Start ConfigApp" func="Kanopy/pkg/Config.GetConfigApp.func1()" file="Config.go; 35"
time="2023-06-28T00:42:02+03:00" level=info msg="Start main application" func="main.main()" file="Kanopy.go; 15"
time="2023-06-28T00:42:04+03:00" level=info msg="End without problem8080" func="main.main()" file="Kanopy.go; 18"
time="2023-06-28T00:43:01+03:00" level=info msg="Start ConfigApp" func="Kanopy/pkg/Config.GetConfigApp.func1()" file="Config.go; 35"
time="2023-06-28T00:43:01+03:00" level=info msg="Start main application" func="main.main()" file="Kanopy.go; 15"
time="2023-06-28T00:43:05+03:00" level=info msg="End without problem8080" func="main.main()" file="Kanopy.go; 18"
time="2023-06-28T00:43:39+03:00" level=info msg="Start ConfigApp" func="Kanopy/pkg/Config.GetConfigApp.func1()" file="Config.go; 35"
time="2023-06-28T00:43:39+03:00" level=info msg="Start main application" func="main.main()" file="Kanopy.go; 15"
time="2023-06-28T00:43:44+03:00" level=info msg="End without problem8080" func="main.main()" file="Kanopy.go; 18"
time="2023-06-28T00:44:14+03:00" level=info msg="Start ConfigApp" func="Kanopy/pkg/Config.GetConfigApp.func1()" file="Config.go; 35"
time="2023-06-28T00:44:14+03:00" level=info msg="Start main application" func="main.main()" file="Kanopy.go; 15"
time="2023-06-28T00:44:17+03:00" level=info msg="End without problem8080" func="main.main()" file="Kanopy.go; 18"
time="2023-06-28T00:45:15+03:00" level=info msg="Start ConfigApp" func="Kanopy/pkg/Config.GetConfigApp.func1()" file="Config.go; 35"
time="2023-06-28T00:45:15+03:00" level=info msg="Start main application" func="main.main()" file="Kanopy.go; 15"
time="2023-06-28T00:45:20+03:00" level=info msg="End without problem8080" func="main.main()" file="Kanopy.go; 18"
time="2023-06-28T00:47:25+03:00" level=info msg="Start ConfigApp" func="Kanopy/pkg/Config.GetConfigApp.func1()" file="Config.go; 35"
time="2023-06-28T00:47:25+03:00" level=info msg="Start main application" func="main.main()" file="Kanopy.go; 15"
time="2023-06-28T00:47:27+03:00" level=info msg="End without problem8080" func="main.main()" file="Kanopy.go; 18"
time="2023-06-28T00:47:40+03:00" level=info msg="Start ConfigApp" func="Kanopy/pkg/Config.GetConfigApp.func1()" file="Config.go; 35"
time="2023-06-28T00:47:40+03:00" level=info msg="Start main application" func="main.main()" file="Kanopy.go; 15"
time="2023-06-28T00:47:43+03:00" level=info msg="End without problem8080" func="main.main()" file="Kanopy.go; 18"
time="2023-06-28T00:47:58+03:00" level=info msg="Start ConfigApp" func="Kanopy/pkg/Config.GetConfigApp.func1()" file="Config.go; 35"
time="2023-06-28T00:47:58+03:00" level=info msg="Start main application" func="main.main()" file="Kanopy.go; 15"
time="2023-06-28T00:48:01+03:00" level=info msg="End without problem8080" func="main.main()" file="Kanopy.go; 18"
time="2023-06-28T00:48:18+03:00" level=info msg="Start ConfigApp" func="Kanopy/pkg/Config.GetConfigApp.func1()" file="Config.go; 35"
time="2023-06-28T00:48:18+03:00" level=info msg="Start main application" func="main.main()" file="Kanopy.go; 15"
time="2023-06-28T00:48:20+03:00" level=info msg="End without problem8080" func="main.main()" file="Kanopy.go; 18"
time="2023-06-28T00:49:07+03:00" level=info msg="Start ConfigApp" func="Kanopy/pkg/Config.GetConfigApp.func1()" file="Config.go; 35"
time="2023-06-28T00:49:07+03:00" level=info msg="Start main application" func="main.main()" file="Kanopy.go; 15"
time="2023-06-28T00:49:10+03:00" level=info msg="End without problem8080" func="main.main()" file="Kanopy.go; 18"
time="2023-06-28T00:49:18+03:00" level=info msg="Start ConfigApp" func="Kanopy/pkg/Config.GetConfigApp.func1()" file="Config.go; 35"
time="2023-06-28T00:49:18+03:00" level=info msg="Start main application" func="main.main()" file="Kanopy.go; 15"
time="2023-06-28T00:49:19+03:00" level=info msg="End without problem8080" func="main.main()" file="Kanopy.go; 18"
time="2023-06-28T00:49:28+03:00" level=info msg="Start ConfigApp" func="Kanopy/pkg/Config.GetConfigApp.func1()" file="Config.go; 35"
time="2023-06-28T00:49:28+03:00" level=info msg="Start main application" func="main.main()" file="Kanopy.go; 15"
time="2023-06-28T00:49:34+03:00" level=info msg="End without problem8080" func="main.main()" file="Kanopy.go; 18"
time="2023-06-28T00:50:51+03:00" level=info msg="Start ConfigApp" func="Kanopy/pkg/Config.GetConfigApp.func1()" file="Config.go; 35"
time="2023-06-28T00:50:51+03:00" level=info msg="Start main application" func="main.main()" file="Kanopy.go; 15"
time="2023-06-28T00:50:53+03:00" level=info msg="End without problem8080" func="main.main()" file="Kanopy.go; 18"
time="2023-06-28T00:51:00+03:00" level=info msg="Start ConfigApp" func="Kanopy/pkg/Config.GetConfigApp.func1()" file="Config.go; 35"
time="2023-06-28T00:51:00+03:00" level=info msg="Start main application" func="main.main()" file="Kanopy.go; 15"
time="2023-06-28T00:51:03+03:00" level=info msg="End without problem8080" func="main.main()" file="Kanopy.go; 18"
time="2023-06-28T00:53:45+03:00" level=info msg="Start ConfigApp" func="Kanopy/pkg/Config.GetConfigApp.func1()" file="Config.go; 35"
time="2023-06-28T00:53:45+03:00" level=info msg="Start main application" func="main.main()" file="Kanopy.go; 15"
time="2023-06-28T00:53:47+03:00" level=info msg="End without problem8080" func="main.main()" file="Kanopy.go; 18"
time="2023-06-28T00:54:08+03:00" level=info msg="Start ConfigApp" func="Kanopy/pkg/Config.GetConfigApp.func1()" file="Config.go; 35"
time="2023-06-28T00:54:08+03:00" level=info msg="Start main application" func="main.main()" file="Kanopy.go; 15"
time="2023-06-28T00:54:16+03:00" level=info msg="End without problem8080" func="main.main()" file="Kanopy.go; 18"
time="2023-06-28T00:54:22+03:00" level=info msg="Start ConfigApp" func="Kanopy/pkg/Config.GetConfigApp.func1()" file="Config.go; 35"
time="2023-06-28T00:54:22+03:00" level=info msg="Start main application" func="main.main()" file="Kanopy.go; 15"
time="2023-06-28T00:54:24+03:00" level=info msg="End without problem8080" func="main.main()" file="Kanopy.go; 18"
time="2023-06-28T00:54:51+03:00" level=info msg="Start ConfigApp" func="Kanopy/pkg/Config.GetConfigApp.func1()" file="Config.go; 35"
time="2023-06-28T00:54:51+03:00" level=info msg="Start main application" func="main.main()" file="Kanopy.go; 15"
time="2023-06-28T00:54:53+03:00" level=info msg="End without problem8080" func="main.main()" file="Kanopy.go; 18"
time="2023-06-28T00:55:39+03:00" level=info msg="Start ConfigApp" func="Kanopy/pkg/Config.GetConfigApp.func1()" file="Config.go; 35"
time="2023-06-28T00:55:39+03:00" level=info msg="Start main application" func="main.main()" file="Kanopy.go; 15"
time="2023-06-28T00:55:42+03:00" level=info msg="End without problem8080" func="main.main()" file="Kanopy.go; 18"
time="2023-06-28T00:55:53+03:00" level=info msg="Start ConfigApp" func="Kanopy/pkg/Config.GetConfigApp.func1()" file="Config.go; 35"
time="2023-06-28T00:55:53+03:00" level=info msg="Start main application" func="main.main()" file="Kanopy.go; 15"
time="2023-06-28T00:55:58+03:00" level=info msg="End without problem8080" func="main.main()" file="Kanopy.go; 18"
time="2023-06-28T00:56:17+03:00" level=info msg="Start ConfigApp" func="Kanopy/pkg/Config.GetConfigApp.func1()" file="Config.go; 35"
time="2023-06-28T00:56:17+03:00" level=info msg="Start main application" func="main.main()" file="Kanopy.go; 15"
time="2023-06-28T00:56:19+03:00" level=info msg="End without problem8080" func="main.main()" file="Kanopy.go; 18"
time="2023-06-28T00:58:11+03:00" level=info msg="Start ConfigApp" func="Kanopy/pkg/Config.GetConfigApp.func1()" file="Config.go; 35"
time="2023-06-28T00:58:11+03:00" level=info msg="Start main application" func="main.main()" file="Kanopy.go; 15"
time="2023-06-28T00:58:38+03:00" level=info msg="End without problem8080" func="main.main()" file="Kanopy.go; 18"
time="2023-06-28T00:58:41+03:00" level=info msg="Start ConfigApp" func="Kanopy/pkg/Config.GetConfigApp.func1()" file="Config.go; 35"
time="2023-06-28T00:58:41+03:00" level=info msg="Start main application" func="main.main()" file="Kanopy.go; 15"
time="2023-06-28T00:58:43+03:00" level=info msg="End without problem8080" func="main.main()" file="Kanopy.go; 18"
time="2023-06-28T00:58:51+03:00" level=info msg="Start ConfigApp" func="Kanopy/pkg/Config.GetConfigApp.func1()" file="Config.go; 35"
time="2023-06-28T00:58:51+03:00" level=info msg="Start main application" func="main.main()" file="Kanopy.go; 15"
time="2023-06-28T00:58:53+03:00" level=info msg="End without problem8080" func="main.main()" file="Kanopy.go; 18"
time="2023-06-28T00:59:01+03:00" level=info msg="Start ConfigApp" func="Kanopy/pkg/Config.GetConfigApp.func1()" file="Config.go; 35"
time="2023-06-28T00:59:01+03:00" level=info msg="Start main application" func="main.main()" file="Kanopy.go; 15"
time="2023-06-28T00:59:03+03:00" level=info msg="End without problem8080" func="main.main()" file="Kanopy.go; 18"
time="2023-06-28T00:59:25+03:00" level=info msg="Start ConfigApp" func="Kanopy/pkg/Config.GetConfigApp.func1()" file="Config.go; 35"
time="2023-06-28T00:59:25+03:00" level=info msg="Start main application" func="main.main()" file="Kanopy.go; 15"
time="2023-06-28T00:59:27+03:00" level=info msg="End without problem8080" func="main.main()" file="Kanopy.go; 18"
time="2023-06-28T00:59:37+03:00" level=info msg="Start ConfigApp" func="Kanopy/pkg/Config.GetConfigApp.func1()" file="Config.go; 35"
time="2023-06-28T00:59:37+03:00" level=info msg="Start main application" func="main.main()" file="Kanopy.go; 15"
time="2023-06-28T00:59:41+03:00" level=info msg="End without problem8080" func="main.main()" file="Kanopy.go; 18"
time="2023-06-28T00:59:53+03:00" level=info msg="Start ConfigApp" func="Kanopy/pkg/Config.GetConfigApp.func1()" file="Config.go; 35"
time="2023-06-28T00:59:53+03:00" level=info msg="Start main application" func="main.main()" file="Kanopy.go; 15"
time="2023-06-28T00:59:55+03:00" level=info msg="End without problem8080" func="main.main()" file="Kanopy.go; 18"
time="2023-06-28T01:00:02+03:00" level=info msg="Start ConfigApp" func="Kanopy/pkg/Config.GetConfigApp.func1()" file="Config.go; 35"
time="2023-06-28T01:00:02+03:00" level=info msg="Start main application" func="main.main()" file="Kanopy.go; 15"
time="2023-06-28T01:00:03+03:00" level=info msg="End without problem8080" func="main.main()" file="Kanopy.go; 18"
time="2023-06-28T01:00:14+03:00" level=info msg="Start ConfigApp" func="Kanopy/pkg/Config.GetConfigApp.func1()" file="Config.go; 35"
time="2023-06-28T01:00:14+03:00" level=info msg="Start main application" func="main.main()" file="Kanopy.go; 15"
time="2023-06-28T01:00:46+03:00" level=info msg="End without problem8080" func="main.main()" file="Kanopy.go; 18"
